2026-01-22 21:05:57.585 INFO  [main] o.s.t.c.s.AnnotationConfigContextLoaderUtils - Could not detect default configuration classes for test class [com.microservices.demo.ai.generated.tweet.to.kafka.service.AIGeneratedTweetToKafkaServiceApplicationTest]: AIGeneratedTweetToKafkaServiceApplicationTest does not declare any static, non-private, non-final, nested classes annotated with @Configuration.
2026-01-22 21:05:57.619 INFO  [main] o.s.b.t.c.SpringBootTestContextBootstrapper - Found @SpringBootConfiguration com.microservices.demo.ai.generated.tweet.to.kafka.service.AIGeneratedTweetToKafkaServiceApplication for test class com.microservices.demo.ai.generated.tweet.to.kafka.service.AIGeneratedTweetToKafkaServiceApplicationTest
2026-01-22 21:05:57.755 INFO  [main] c.m.d.a.g.t.t.k.s.AIGeneratedTweetToKafkaServiceApplicationTest - Starting AIGeneratedTweetToKafkaServiceApplicationTest using Java 21.0.4 with PID 3046 (started by ananya in /Users/ananya/Downloads/microservices-demo/ai-generated-tweet-to-kafka-service)
2026-01-22 21:05:57.755 INFO  [main] c.m.d.a.g.t.t.k.s.AIGeneratedTweetToKafkaServiceApplicationTest - No active profile set, falling back to 1 default profile: "default"
2026-01-22 21:05:57.904 INFO  [main] c.m.d.a.g.t.t.k.s.AIGeneratedTweetToKafkaServiceApplicationTest - Started AIGeneratedTweetToKafkaServiceApplicationTest in 0.242 seconds (process running for 0.731)
2026-01-22 21:05:57.906 INFO  [main] c.m.d.a.g.t.t.k.s.AIGeneratedTweetToKafkaServiceApplication - Application is starting...
2026-01-22 21:05:57.906 INFO  [main] c.m.d.a.g.t.t.k.s.AIGeneratedTweetToKafkaServiceApplication - Keywords: [Java, Microservices, Spring, Kafka, Elasticsearch]
2026-01-22 21:07:40.480 INFO  [main] o.s.t.c.s.AnnotationConfigContextLoaderUtils - Could not detect default configuration classes for test class [com.microservices.demo.ai.generated.tweet.to.kafka.service.AIGeneratedTweetToKafkaServiceApplicationTest]: AIGeneratedTweetToKafkaServiceApplicationTest does not declare any static, non-private, non-final, nested classes annotated with @Configuration.
2026-01-22 21:07:40.513 INFO  [main] o.s.b.t.c.SpringBootTestContextBootstrapper - Found @SpringBootConfiguration com.microservices.demo.ai.generated.tweet.to.kafka.service.AIGeneratedTweetToKafkaServiceApplication for test class com.microservices.demo.ai.generated.tweet.to.kafka.service.AIGeneratedTweetToKafkaServiceApplicationTest
2026-01-22 21:07:40.641 INFO  [main] c.m.d.a.g.t.t.k.s.AIGeneratedTweetToKafkaServiceApplicationTest - Starting AIGeneratedTweetToKafkaServiceApplicationTest using Java 21.0.4 with PID 3208 (started by ananya in /Users/ananya/Downloads/microservices-demo/ai-generated-tweet-to-kafka-service)
2026-01-22 21:07:40.642 INFO  [main] c.m.d.a.g.t.t.k.s.AIGeneratedTweetToKafkaServiceApplicationTest - No active profile set, falling back to 1 default profile: "default"
2026-01-22 21:07:40.777 INFO  [main] c.m.d.a.g.t.t.k.s.AIGeneratedTweetToKafkaServiceApplicationTest - Started AIGeneratedTweetToKafkaServiceApplicationTest in 0.223 seconds (process running for 0.65)
2026-01-22 21:07:40.778 INFO  [main] c.m.d.a.g.t.t.k.s.AIGeneratedTweetToKafkaServiceApplication - Application is starting...
2026-01-22 21:07:40.778 INFO  [main] c.m.d.a.g.t.t.k.s.AIGeneratedTweetToKafkaServiceApplication - Keywords: [Java, Microservices, Spring, Kafka, Elasticsearch]
2026-01-22 21:11:09.652 INFO  [main] o.s.t.c.s.AnnotationConfigContextLoaderUtils - Could not detect default configuration classes for test class [com.microservices.demo.ai.generated.tweet.to.kafka.service.AIGeneratedTweetToKafkaServiceApplicationTest]: AIGeneratedTweetToKafkaServiceApplicationTest does not declare any static, non-private, non-final, nested classes annotated with @Configuration.
2026-01-22 21:11:09.682 INFO  [main] o.s.b.t.c.SpringBootTestContextBootstrapper - Found @SpringBootConfiguration com.microservices.demo.ai.generated.tweet.to.kafka.service.AIGeneratedTweetToKafkaServiceApplication for test class com.microservices.demo.ai.generated.tweet.to.kafka.service.AIGeneratedTweetToKafkaServiceApplicationTest
2026-01-22 21:11:09.807 INFO  [main] c.m.d.a.g.t.t.k.s.AIGeneratedTweetToKafkaServiceApplicationTest - Starting AIGeneratedTweetToKafkaServiceApplicationTest using Java 21.0.4 with PID 3540 (started by ananya in /Users/ananya/Downloads/microservices-demo/ai-generated-tweet-to-kafka-service)
2026-01-22 21:11:09.808 INFO  [main] c.m.d.a.g.t.t.k.s.AIGeneratedTweetToKafkaServiceApplicationTest - No active profile set, falling back to 1 default profile: "default"
2026-01-22 21:11:09.945 INFO  [main] c.m.d.a.g.t.t.k.s.AIGeneratedTweetToKafkaServiceApplicationTest - Started AIGeneratedTweetToKafkaServiceApplicationTest in 0.225 seconds (process running for 0.641)
2026-01-22 21:11:09.946 INFO  [main] c.m.d.a.g.t.t.k.s.AIGeneratedTweetToKafkaServiceApplication - Application is starting...
2026-01-22 21:11:09.946 INFO  [main] c.m.d.a.g.t.t.k.s.AIGeneratedTweetToKafkaServiceApplication - Keywords: [Java, Microservices, Spring, Kafka, Elasticsearch]
2026-01-22 21:11:17.153 INFO  [main] o.s.t.c.s.AnnotationConfigContextLoaderUtils - Could not detect default configuration classes for test class [com.microservices.demo.ai.generated.tweet.to.kafka.service.AIGeneratedTweetToKafkaServiceApplicationTest]: AIGeneratedTweetToKafkaServiceApplicationTest does not declare any static, non-private, non-final, nested classes annotated with @Configuration.
2026-01-22 21:11:17.181 INFO  [main] o.s.b.t.c.SpringBootTestContextBootstrapper - Found @SpringBootConfiguration com.microservices.demo.ai.generated.tweet.to.kafka.service.AIGeneratedTweetToKafkaServiceApplication for test class com.microservices.demo.ai.generated.tweet.to.kafka.service.AIGeneratedTweetToKafkaServiceApplicationTest
2026-01-22 21:11:17.302 INFO  [main] c.m.d.a.g.t.t.k.s.AIGeneratedTweetToKafkaServiceApplicationTest - Starting AIGeneratedTweetToKafkaServiceApplicationTest using Java 21.0.4 with PID 3569 (started by ananya in /Users/ananya/Downloads/microservices-demo/ai-generated-tweet-to-kafka-service)
2026-01-22 21:11:17.302 INFO  [main] c.m.d.a.g.t.t.k.s.AIGeneratedTweetToKafkaServiceApplicationTest - No active profile set, falling back to 1 default profile: "default"
2026-01-22 21:11:17.432 INFO  [main] c.m.d.a.g.t.t.k.s.AIGeneratedTweetToKafkaServiceApplicationTest - Started AIGeneratedTweetToKafkaServiceApplicationTest in 0.213 seconds (process running for 0.614)
2026-01-22 21:11:17.433 INFO  [main] c.m.d.a.g.t.t.k.s.AIGeneratedTweetToKafkaServiceApplication - Application is starting...
2026-01-22 21:11:17.434 INFO  [main] c.m.d.a.g.t.t.k.s.AIGeneratedTweetToKafkaServiceApplication - Keywords: [Java, Microservices, Spring, Kafka, Elasticsearch]
2026-01-22 21:45:34.454 INFO  [main] o.s.t.c.s.AnnotationConfigContextLoaderUtils - Could not detect default configuration classes for test class [com.microservices.demo.ai.generated.tweet.to.kafka.service.AIGeneratedTweetToKafkaServiceApplicationTest]: AIGeneratedTweetToKafkaServiceApplicationTest does not declare any static, non-private, non-final, nested classes annotated with @Configuration.
2026-01-22 21:45:34.485 INFO  [main] o.s.b.t.c.SpringBootTestContextBootstrapper - Found @SpringBootConfiguration com.microservices.demo.ai.generated.tweet.to.kafka.service.AIGeneratedTweetToKafkaServiceApplication for test class com.microservices.demo.ai.generated.tweet.to.kafka.service.AIGeneratedTweetToKafkaServiceApplicationTest
2026-01-22 21:45:34.609 INFO  [main] c.m.d.a.g.t.t.k.s.AIGeneratedTweetToKafkaServiceApplicationTest - Starting AIGeneratedTweetToKafkaServiceApplicationTest using Java 21.0.4 with PID 4330 (started by ananya in /Users/ananya/Downloads/microservices-demo/ai-generated-tweet-to-kafka-service)
2026-01-22 21:45:34.610 INFO  [main] c.m.d.a.g.t.t.k.s.AIGeneratedTweetToKafkaServiceApplicationTest - No active profile set, falling back to 1 default profile: "default"
2026-01-22 21:45:34.741 INFO  [main] c.m.d.a.g.t.t.k.s.AIGeneratedTweetToKafkaServiceApplicationTest - Started AIGeneratedTweetToKafkaServiceApplicationTest in 0.218 seconds (process running for 0.655)
2026-01-22 21:45:34.742 INFO  [main] c.m.d.a.g.t.t.k.s.AIGeneratedTweetToKafkaServiceApplication - Application is starting...
2026-01-22 21:45:34.742 INFO  [main] c.m.d.a.g.t.t.k.s.AIGeneratedTweetToKafkaServiceApplication - Keywords: [Java, Microservices, Spring, Kafka, Elasticsearch]
2026-01-22 22:16:42.695 INFO  [main] o.s.t.c.s.AnnotationConfigContextLoaderUtils - Could not detect default configuration classes for test class [com.microservices.demo.ai.generated.tweet.to.kafka.service.AIGeneratedTweetToKafkaServiceApplicationTest]: AIGeneratedTweetToKafkaServiceApplicationTest does not declare any static, non-private, non-final, nested classes annotated with @Configuration.
2026-01-22 22:16:42.729 INFO  [main] o.s.b.t.c.SpringBootTestContextBootstrapper - Found @SpringBootConfiguration com.microservices.demo.ai.generated.tweet.to.kafka.service.AIGeneratedTweetToKafkaServiceApplication for test class com.microservices.demo.ai.generated.tweet.to.kafka.service.AIGeneratedTweetToKafkaServiceApplicationTest
2026-01-22 22:16:42.857 INFO  [main] c.m.d.a.g.t.t.k.s.AIGeneratedTweetToKafkaServiceApplicationTest - Starting AIGeneratedTweetToKafkaServiceApplicationTest using Java 21.0.4 with PID 4876 (started by ananya in /Users/ananya/Downloads/microservices-demo/ai-generated-tweet-to-kafka-service)
2026-01-22 22:16:42.858 INFO  [main] c.m.d.a.g.t.t.k.s.AIGeneratedTweetToKafkaServiceApplicationTest - No active profile set, falling back to 1 default profile: "default"
2026-01-22 22:16:42.977 WARN  [main] o.s.c.a.AnnotationConfigApplicationContext - Exception encountered during context initialization - cancelling refresh attempt: org.springframework.beans.factory.UnsatisfiedDependencyException: Error creating bean with name 'AIGeneratedTweetToKafkaServiceApplication': Unsatisfied dependency expressed through constructor parameter 3: No qualifying bean of type 'org.springframework.scheduling.TaskScheduler' available: expected at least 1 bean which qualifies as autowire candidate. Dependency annotations: {}
2026-01-22 22:16:42.980 INFO  [main] o.s.b.a.l.ConditionEvaluationReportLogger - 

Error starting ApplicationContext. To display the condition evaluation report re-run your application with 'debug' enabled.
2026-01-22 22:16:42.986 ERROR [main] o.s.b.d.LoggingFailureAnalysisReporter - 

***************************
APPLICATION FAILED TO START
***************************

Description:

Parameter 3 of constructor in com.microservices.demo.ai.generated.tweet.to.kafka.service.AIGeneratedTweetToKafkaServiceApplication required a bean of type 'org.springframework.scheduling.TaskScheduler' that could not be found.


Action:

Consider defining a bean of type 'org.springframework.scheduling.TaskScheduler' in your configuration.

2026-01-22 22:16:42.987 WARN  [main] o.s.test.context.TestContextManager - Caught exception while allowing TestExecutionListener [org.springframework.test.context.support.DependencyInjectionTestExecutionListener] to prepare test instance [com.microservices.demo.ai.generated.tweet.to.kafka.service.AIGeneratedTweetToKafkaServiceApplicationTest@56e9a474]
java.lang.IllegalStateException: Failed to load ApplicationContext for [MergedContextConfiguration@3ba348ca testClass = com.microservices.demo.ai.generated.tweet.to.kafka.service.AIGeneratedTweetToKafkaServiceApplicationTest, locations = [], classes = [com.microservices.demo.ai.generated.tweet.to.kafka.service.AIGeneratedTweetToKafkaServiceApplication], contextInitializerClasses = [], activeProfiles = [], propertySourceDescriptors = [], propertySourceProperties = ["org.springframework.boot.test.context.SpringBootTestContextBootstrapper=true"], contextCustomizers = [org.springframework.boot.test.context.PropertyMappingContextCustomizer@0, org.springframework.boot.test.context.filter.ExcludeFilterContextCustomizer@39c11e6c, org.springframework.boot.test.json.DuplicateJsonObjectContextCustomizerFactory$DuplicateJsonObjectContextCustomizer@1fc793c2, org.springframework.boot.test.autoconfigure.OnFailureConditionReportContextCustomizerFactory$OnFailureConditionReportContextCustomizer@ecf9fb3, org.springframework.test.context.support.DynamicPropertiesContextCustomizer@0, org.springframework.boot.test.context.SpringBootTestAnnotation@cddc85e1], contextLoader = org.springframework.boot.test.context.SpringBootContextLoader, parent = null]
	at org.springframework.test.context.cache.DefaultCacheAwareContextLoaderDelegate.lambda$loadContext$0(DefaultCacheAwareContextLoaderDelegate.java:195)
	at org.springframework.test.context.cache.DefaultContextCache.put(DefaultContextCache.java:172)
	at org.springframework.test.context.cache.DefaultCacheAwareContextLoaderDelegate.loadContext(DefaultCacheAwareContextLoaderDelegate.java:160)
	at org.springframework.test.context.support.DefaultTestContext.getApplicationContext(DefaultTestContext.java:128)
	at org.springframework.test.context.support.DependencyInjectionTestExecutionListener.injectDependencies(DependencyInjectionTestExecutionListener.java:155)
	at org.springframework.test.context.support.DependencyInjectionTestExecutionListener.prepareTestInstance(DependencyInjectionTestExecutionListener.java:111)
	at org.springframework.test.context.TestContextManager.prepareTestInstance(TestContextManager.java:260)
	at org.springframework.test.context.junit.jupiter.SpringExtension.postProcessTestInstance(SpringExtension.java:205)
	at org.junit.jupiter.engine.descriptor.ClassBasedTestDescriptor.lambda$invokeTestInstancePostProcessors$1(ClassBasedTestDescriptor.java:423)
	at org.junit.jupiter.engine.descriptor.ClassBasedTestDescriptor.executeAndMaskThrowable(ClassBasedTestDescriptor.java:428)
	at org.junit.jupiter.engine.descriptor.ClassBasedTestDescriptor.lambda$invokeTestInstancePostProcessors$0(ClassBasedTestDescriptor.java:422)
	at java.base/java.util.stream.ForEachOps$ForEachOp$OfRef.accept(ForEachOps.java:184)
	at java.base/java.util.stream.ReferencePipeline$3$1.accept(ReferencePipeline.java:197)
	at java.base/java.util.stream.ReferencePipeline$2$1.accept(ReferencePipeline.java:179)
	at java.base/java.util.stream.ReferencePipeline$3$1.accept(ReferencePipeline.java:197)
	at java.base/java.util.ArrayList$ArrayListSpliterator.forEachRemaining(ArrayList.java:1708)
	at java.base/java.util.stream.AbstractPipeline.copyInto(AbstractPipeline.java:509)
	at java.base/java.util.stream.AbstractPipeline.wrapAndCopyInto(AbstractPipeline.java:499)
	at java.base/java.util.stream.ForEachOps$ForEachOp.evaluateSequential(ForEachOps.java:151)
	at java.base/java.util.stream.ForEachOps$ForEachOp$OfRef.evaluateSequential(ForEachOps.java:174)
	at java.base/java.util.stream.AbstractPipeline.evaluate(AbstractPipeline.java:234)
	at java.base/java.util.stream.ReferencePipeline.forEach(ReferencePipeline.java:596)
	at org.junit.jupiter.engine.descriptor.ClassBasedTestDescriptor.invokeTestInstancePostProcessors(ClassBasedTestDescriptor.java:422)
	at org.junit.jupiter.engine.descriptor.ClassBasedTestDescriptor.lambda$instantiateAndPostProcessTestInstance$0(ClassBasedTestDescriptor.java:334)
	at org.junit.platform.engine.support.hierarchical.ThrowableCollector.execute(ThrowableCollector.java:74)
	at org.junit.jupiter.engine.descriptor.ClassBasedTestDescriptor.instantiateAndPostProcessTestInstance(ClassBasedTestDescriptor.java:333)
	at org.junit.jupiter.engine.descriptor.ClassBasedTestDescriptor.lambda$testInstancesProvider$1(ClassBasedTestDescriptor.java:322)
	at java.base/java.util.Optional.orElseGet(Optional.java:364)
	at org.junit.jupiter.engine.descriptor.ClassBasedTestDescriptor.lambda$testInstancesProvider$0(ClassBasedTestDescriptor.java:321)
	at org.junit.jupiter.engine.execution.TestInstancesProvider.getTestInstances(TestInstancesProvider.java:27)
	at org.junit.jupiter.engine.descriptor.TestMethodTestDescriptor.lambda$prepare$0(TestMethodTestDescriptor.java:127)
	at org.junit.platform.engine.support.hierarchical.ThrowableCollector.execute(ThrowableCollector.java:74)
	at org.junit.jupiter.engine.descriptor.TestMethodTestDescriptor.prepare(TestMethodTestDescriptor.java:126)
	at org.junit.jupiter.engine.descriptor.TestMethodTestDescriptor.prepare(TestMethodTestDescriptor.java:70)
	at org.junit.platform.engine.support.hierarchical.NodeTestTask.lambda$prepare$0(NodeTestTask.java:144)
	at org.junit.platform.engine.support.hierarchical.ThrowableCollector.execute(ThrowableCollector.java:74)
	at org.junit.platform.engine.support.hierarchical.NodeTestTask.prepare(NodeTestTask.java:144)
	at org.junit.platform.engine.support.hierarchical.NodeTestTask.execute(NodeTestTask.java:110)
	at java.base/java.util.ArrayList.forEach(ArrayList.java:1596)
	at org.junit.platform.engine.support.hierarchical.SameThreadHierarchicalTestExecutorService.invokeAll(SameThreadHierarchicalTestExecutorService.java:42)
	at org.junit.platform.engine.support.hierarchical.NodeTestTask.lambda$executeRecursively$2(NodeTestTask.java:180)
	at org.junit.platform.engine.support.hierarchical.ThrowableCollector.execute(ThrowableCollector.java:74)
	at org.junit.platform.engine.support.hierarchical.NodeTestTask.lambda$executeRecursively$1(NodeTestTask.java:166)
	at org.junit.platform.engine.support.hierarchical.Node.around(Node.java:138)
	at org.junit.platform.engine.support.hierarchical.NodeTestTask.lambda$executeRecursively$0(NodeTestTask.java:164)
	at org.junit.platform.engine.support.hierarchical.ThrowableCollector.execute(ThrowableCollector.java:74)
	at org.junit.platform.engine.support.hierarchical.NodeTestTask.executeRecursively(NodeTestTask.java:163)
	at org.junit.platform.engine.support.hierarchical.NodeTestTask.execute(NodeTestTask.java:116)
	at java.base/java.util.ArrayList.forEach(ArrayList.java:1596)
	at org.junit.platform.engine.support.hierarchical.SameThreadHierarchicalTestExecutorService.invokeAll(SameThreadHierarchicalTestExecutorService.java:42)
	at org.junit.platform.engine.support.hierarchical.NodeTestTask.lambda$executeRecursively$2(NodeTestTask.java:180)
	at org.junit.platform.engine.support.hierarchical.ThrowableCollector.execute(ThrowableCollector.java:74)
	at org.junit.platform.engine.support.hierarchical.NodeTestTask.lambda$executeRecursively$1(NodeTestTask.java:166)
	at org.junit.platform.engine.support.hierarchical.Node.around(Node.java:138)
	at org.junit.platform.engine.support.hierarchical.NodeTestTask.lambda$executeRecursively$0(NodeTestTask.java:164)
	at org.junit.platform.engine.support.hierarchical.ThrowableCollector.execute(ThrowableCollector.java:74)
	at org.junit.platform.engine.support.hierarchical.NodeTestTask.executeRecursively(NodeTestTask.java:163)
	at org.junit.platform.engine.support.hierarchical.NodeTestTask.execute(NodeTestTask.java:116)
	at org.junit.platform.engine.support.hierarchical.SameThreadHierarchicalTestExecutorService.submit(SameThreadHierarchicalTestExecutorService.java:36)
	at org.junit.platform.engine.support.hierarchical.HierarchicalTestExecutor.execute(HierarchicalTestExecutor.java:52)
	at org.junit.platform.engine.support.hierarchical.HierarchicalTestEngine.execute(HierarchicalTestEngine.java:58)
	at org.junit.platform.launcher.core.EngineExecutionOrchestrator.executeEngine(EngineExecutionOrchestrator.java:246)
	at org.junit.platform.launcher.core.EngineExecutionOrchestrator.failOrExecuteEngine(EngineExecutionOrchestrator.java:218)
	at org.junit.platform.launcher.core.EngineExecutionOrchestrator.execute(EngineExecutionOrchestrator.java:179)
	at org.junit.platform.launcher.core.EngineExecutionOrchestrator.execute(EngineExecutionOrchestrator.java:108)
	at org.junit.platform.launcher.core.EngineExecutionOrchestrator.lambda$execute$0(EngineExecutionOrchestrator.java:66)
	at org.junit.platform.launcher.core.EngineExecutionOrchestrator.withInterceptedStreams(EngineExecutionOrchestrator.java:157)
	at org.junit.platform.launcher.core.EngineExecutionOrchestrator.execute(EngineExecutionOrchestrator.java:65)
	at org.junit.platform.launcher.core.DefaultLauncher.execute(DefaultLauncher.java:125)
	at org.junit.platform.launcher.core.DefaultLauncher.execute(DefaultLauncher.java:114)
	at org.junit.platform.launcher.core.DelegatingLauncher.execute(DelegatingLauncher.java:58)
	at org.junit.platform.launcher.core.InterceptingLauncher.lambda$execute$2(InterceptingLauncher.java:57)
	at org.junit.platform.launcher.core.ClasspathAlignmentCheckingLauncherInterceptor.intercept(ClasspathAlignmentCheckingLauncherInterceptor.java:25)
	at org.junit.platform.launcher.core.InterceptingLauncher.execute(InterceptingLauncher.java:56)
	at org.junit.platform.launcher.core.DelegatingLauncher.execute(DelegatingLauncher.java:58)
	at java.base/jdk.internal.reflect.DirectMethodHandleAccessor.invoke(DirectMethodHandleAccessor.java:103)
	at java.base/java.lang.reflect.Method.invoke(Method.java:580)
	at org.apache.maven.surefire.api.util.ReflectionUtils.invokeMethodWithArray(ReflectionUtils.java:125)
	at org.apache.maven.surefire.junitplatform.LauncherAdapter.executeWithCancellationToken(LauncherAdapter.java:68)
	at org.apache.maven.surefire.junitplatform.LauncherAdapter.execute(LauncherAdapter.java:54)
	at org.apache.maven.surefire.junitplatform.JUnitPlatformProvider.execute(JUnitPlatformProvider.java:203)
	at org.apache.maven.surefire.junitplatform.JUnitPlatformProvider.invokeAllTests(JUnitPlatformProvider.java:168)
	at org.apache.maven.surefire.junitplatform.JUnitPlatformProvider.invoke(JUnitPlatformProvider.java:136)
	at org.apache.maven.surefire.booter.ForkedBooter.runSuitesInProcess(ForkedBooter.java:385)
	at org.apache.maven.surefire.booter.ForkedBooter.execute(ForkedBooter.java:162)
	at org.apache.maven.surefire.booter.ForkedBooter.run(ForkedBooter.java:507)
	at org.apache.maven.surefire.booter.ForkedBooter.main(ForkedBooter.java:495)
Caused by: org.springframework.beans.factory.UnsatisfiedDependencyException: Error creating bean with name 'AIGeneratedTweetToKafkaServiceApplication': Unsatisfied dependency expressed through constructor parameter 3: No qualifying bean of type 'org.springframework.scheduling.TaskScheduler' available: expected at least 1 bean which qualifies as autowire candidate. Dependency annotations: {}
	at org.springframework.beans.factory.support.ConstructorResolver.createArgumentArray(ConstructorResolver.java:804)
	at org.springframework.beans.factory.support.ConstructorResolver.autowireConstructor(ConstructorResolver.java:240)
	at org.springframework.beans.factory.support.AbstractAutowireCapableBeanFactory.autowireConstructor(AbstractAutowireCapableBeanFactory.java:1382)
	at org.springframework.beans.factory.support.AbstractAutowireCapableBeanFactory.createBeanInstance(AbstractAutowireCapableBeanFactory.java:1221)
	at org.springframework.beans.factory.support.AbstractAutowireCapableBeanFactory.doCreateBean(AbstractAutowireCapableBeanFactory.java:565)
	at org.springframework.beans.factory.support.AbstractAutowireCapableBeanFactory.createBean(AbstractAutowireCapableBeanFactory.java:525)
	at org.springframework.beans.factory.support.AbstractBeanFactory.lambda$doGetBean$0(AbstractBeanFactory.java:333)
	at org.springframework.beans.factory.support.DefaultSingletonBeanRegistry.getSingleton(DefaultSingletonBeanRegistry.java:371)
	at org.springframework.beans.factory.support.AbstractBeanFactory.doGetBean(AbstractBeanFactory.java:331)
	at org.springframework.beans.factory.support.AbstractBeanFactory.getBean(AbstractBeanFactory.java:196)
	at org.springframework.beans.factory.support.DefaultListableBeanFactory.instantiateSingleton(DefaultListableBeanFactory.java:1218)
	at org.springframework.beans.factory.support.DefaultListableBeanFactory.preInstantiateSingleton(DefaultListableBeanFactory.java:1184)
	at org.springframework.beans.factory.support.DefaultListableBeanFactory.preInstantiateSingletons(DefaultListableBeanFactory.java:1121)
	at org.springframework.context.support.AbstractApplicationContext.finishBeanFactoryInitialization(AbstractApplicationContext.java:993)
	at org.springframework.context.support.AbstractApplicationContext.refresh(AbstractApplicationContext.java:620)
	at org.springframework.boot.SpringApplication.refresh(SpringApplication.java:756)
	at org.springframework.boot.SpringApplication.refreshContext(SpringApplication.java:445)
	at org.springframework.boot.SpringApplication.run(SpringApplication.java:321)
	at org.springframework.boot.test.context.SpringBootContextLoader.lambda$loadContext$2(SpringBootContextLoader.java:156)
	at org.springframework.util.function.ThrowingSupplier.get(ThrowingSupplier.java:58)
	at org.springframework.util.function.ThrowingSupplier.get(ThrowingSupplier.java:46)
	at org.springframework.boot.SpringApplication.withHook(SpringApplication.java:1465)
	at org.springframework.boot.test.context.SpringBootContextLoader$ContextLoaderHook.run(SpringBootContextLoader.java:605)
	at org.springframework.boot.test.context.SpringBootContextLoader.loadContext(SpringBootContextLoader.java:156)
	at org.springframework.boot.test.context.SpringBootContextLoader.loadContext(SpringBootContextLoader.java:115)
	at org.springframework.test.context.cache.DefaultCacheAwareContextLoaderDelegate.loadContextInternal(DefaultCacheAwareContextLoaderDelegate.java:247)
	at org.springframework.test.context.cache.DefaultCacheAwareContextLoaderDelegate.lambda$loadContext$0(DefaultCacheAwareContextLoaderDelegate.java:167)
	... 86 common frames omitted
Caused by: org.springframework.beans.factory.NoSuchBeanDefinitionException: No qualifying bean of type 'org.springframework.scheduling.TaskScheduler' available: expected at least 1 bean which qualifies as autowire candidate. Dependency annotations: {}
	at org.springframework.beans.factory.support.DefaultListableBeanFactory.raiseNoMatchingBeanFound(DefaultListableBeanFactory.java:2297)
	at org.springframework.beans.factory.support.DefaultListableBeanFactory.doResolveDependency(DefaultListableBeanFactory.java:1725)
	at org.springframework.beans.factory.support.DefaultListableBeanFactory.resolveDependency(DefaultListableBeanFactory.java:1651)
	at org.springframework.beans.factory.support.ConstructorResolver.resolveAutowiredArgument(ConstructorResolver.java:912)
	at org.springframework.beans.factory.support.ConstructorResolver.createArgumentArray(ConstructorResolver.java:791)
	... 112 common frames omitted
2026-01-22 22:18:15.832 INFO  [main] o.s.t.c.s.AnnotationConfigContextLoaderUtils - Could not detect default configuration classes for test class [com.microservices.demo.ai.generated.tweet.to.kafka.service.AIGeneratedTweetToKafkaServiceApplicationTest]: AIGeneratedTweetToKafkaServiceApplicationTest does not declare any static, non-private, non-final, nested classes annotated with @Configuration.
2026-01-22 22:18:15.865 INFO  [main] o.s.b.t.c.SpringBootTestContextBootstrapper - Found @SpringBootConfiguration com.microservices.demo.ai.generated.tweet.to.kafka.service.AIGeneratedTweetToKafkaServiceApplication for test class com.microservices.demo.ai.generated.tweet.to.kafka.service.AIGeneratedTweetToKafkaServiceApplicationTest
2026-01-22 22:18:16.001 INFO  [main] c.m.d.a.g.t.t.k.s.AIGeneratedTweetToKafkaServiceApplicationTest - Starting AIGeneratedTweetToKafkaServiceApplicationTest using Java 21.0.4 with PID 5048 (started by ananya in /Users/ananya/Downloads/microservices-demo/ai-generated-tweet-to-kafka-service)
2026-01-22 22:18:16.001 INFO  [main] c.m.d.a.g.t.t.k.s.AIGeneratedTweetToKafkaServiceApplicationTest - No active profile set, falling back to 1 default profile: "default"
2026-01-22 22:18:16.163 INFO  [main] c.m.d.a.g.t.t.k.s.AIGeneratedTweetToKafkaServiceApplicationTest - Started AIGeneratedTweetToKafkaServiceApplicationTest in 0.257 seconds (process running for 0.694)
2026-01-22 22:18:16.164 INFO  [main] c.m.d.a.g.t.t.k.s.AIGeneratedTweetToKafkaServiceApplication - Application is starting...
2026-01-22 22:18:16.165 INFO  [main] c.m.d.a.g.t.t.k.s.AIGeneratedTweetToKafkaServiceApplication - Starting AI Stream Runner with fixed rate 30 seconds
2026-01-22 22:18:16.165 INFO  [scheduling-1] c.m.d.a.g.t.t.k.s.r.AIStreamRunner - Generated Tweet: Open AI Generated Tweet Content
2026-01-22 22:19:05.584 INFO  [main] o.s.t.c.s.AnnotationConfigContextLoaderUtils - Could not detect default configuration classes for test class [com.microservices.demo.ai.generated.tweet.to.kafka.service.AIGeneratedTweetToKafkaServiceApplicationTest]: AIGeneratedTweetToKafkaServiceApplicationTest does not declare any static, non-private, non-final, nested classes annotated with @Configuration.
2026-01-22 22:19:05.615 INFO  [main] o.s.b.t.c.SpringBootTestContextBootstrapper - Found @SpringBootConfiguration com.microservices.demo.ai.generated.tweet.to.kafka.service.AIGeneratedTweetToKafkaServiceApplication for test class com.microservices.demo.ai.generated.tweet.to.kafka.service.AIGeneratedTweetToKafkaServiceApplicationTest
2026-01-22 22:19:05.742 INFO  [main] c.m.d.a.g.t.t.k.s.AIGeneratedTweetToKafkaServiceApplicationTest - Starting AIGeneratedTweetToKafkaServiceApplicationTest using Java 21.0.4 with PID 5074 (started by ananya in /Users/ananya/Downloads/microservices-demo/ai-generated-tweet-to-kafka-service)
2026-01-22 22:19:05.743 INFO  [main] c.m.d.a.g.t.t.k.s.AIGeneratedTweetToKafkaServiceApplicationTest - No active profile set, falling back to 1 default profile: "default"
2026-01-22 22:19:05.900 INFO  [main] c.m.d.a.g.t.t.k.s.AIGeneratedTweetToKafkaServiceApplicationTest - Started AIGeneratedTweetToKafkaServiceApplicationTest in 0.246 seconds (process running for 0.734)
2026-01-22 22:19:05.901 INFO  [main] c.m.d.a.g.t.t.k.s.AIGeneratedTweetToKafkaServiceApplication - Application is starting...
2026-01-22 22:19:05.901 INFO  [main] c.m.d.a.g.t.t.k.s.AIGeneratedTweetToKafkaServiceApplication - Starting AI Stream Runner with fixed rate 30 seconds
2026-01-22 22:19:05.902 INFO  [scheduling-1] c.m.d.a.g.t.t.k.s.r.AIStreamRunner - Generated Tweet: Open AI Generated Tweet Content
